0 info it worked if it ends with ok
1 verbose cli [ '/usr/local/bin/node',
1 verbose cli   '/usr/local/bin/npm',
1 verbose cli   'install',
1 verbose cli   '--global',
1 verbose cli   'sequelize-cli' ]
2 info using npm@2.15.8
3 info using node@v6.2.2
4 verbose install initial load of /usr/local/lib/package.json
5 verbose readDependencies loading dependencies from /usr/local/lib/package.json
6 silly cache add args [ 'sequelize-cli', null ]
7 verbose cache add spec sequelize-cli
8 silly cache add parsed spec Result {
8 silly cache add   raw: 'sequelize-cli',
8 silly cache add   scope: null,
8 silly cache add   name: 'sequelize-cli',
8 silly cache add   rawSpec: '',
8 silly cache add   spec: 'latest',
8 silly cache add   type: 'tag' }
9 silly addNamed sequelize-cli@latest
10 verbose addNamed "latest" is being treated as a dist-tag for sequelize-cli
11 info addNameTag [ 'sequelize-cli', 'latest' ]
12 silly mapToRegistry name sequelize-cli
13 silly mapToRegistry using default registry
14 silly mapToRegistry registry https://registry.npmjs.org/
15 silly mapToRegistry data Result {
15 silly mapToRegistry   raw: 'sequelize-cli',
15 silly mapToRegistry   scope: null,
15 silly mapToRegistry   name: 'sequelize-cli',
15 silly mapToRegistry   rawSpec: '',
15 silly mapToRegistry   spec: 'latest',
15 silly mapToRegistry   type: 'tag' }
16 silly mapToRegistry uri https://registry.npmjs.org/sequelize-cli
17 verbose addNameTag registry:https://registry.npmjs.org/sequelize-cli not in flight; fetching
18 verbose request uri https://registry.npmjs.org/sequelize-cli
19 verbose request no auth needed
20 info attempt registry request try #1 at 10:45:43 AM
21 verbose request id 85b104178929cd30
22 verbose etag "6AHPF5F360DFWKQGMZJ8ZRUTW"
23 http request GET https://registry.npmjs.org/sequelize-cli
24 http 304 https://registry.npmjs.org/sequelize-cli
25 verbose headers { date: 'Thu, 04 Aug 2016 07:45:44 GMT',
25 verbose headers   via: '1.1 varnish',
25 verbose headers   'cache-control': 'max-age=300',
25 verbose headers   etag: '"6AHPF5F360DFWKQGMZJ8ZRUTW"',
25 verbose headers   age: '0',
25 verbose headers   connection: 'keep-alive',
25 verbose headers   'x-served-by': 'cache-lhr6336-LHR',
25 verbose headers   'x-cache': 'HIT',
25 verbose headers   'x-cache-hits': '1',
25 verbose headers   'x-timer': 'S1470296744.116603,VS0,VE671',
25 verbose headers   vary: 'Accept-Encoding' }
26 silly get cb [ 304,
26 silly get   { date: 'Thu, 04 Aug 2016 07:45:44 GMT',
26 silly get     via: '1.1 varnish',
26 silly get     'cache-control': 'max-age=300',
26 silly get     etag: '"6AHPF5F360DFWKQGMZJ8ZRUTW"',
26 silly get     age: '0',
26 silly get     connection: 'keep-alive',
26 silly get     'x-served-by': 'cache-lhr6336-LHR',
26 silly get     'x-cache': 'HIT',
26 silly get     'x-cache-hits': '1',
26 silly get     'x-timer': 'S1470296744.116603,VS0,VE671',
26 silly get     vary: 'Accept-Encoding' } ]
27 verbose etag https://registry.npmjs.org/sequelize-cli from cache
28 verbose get saving sequelize-cli to /Users/kariuki/.npm/registry.npmjs.org/sequelize-cli/.cache.json
29 verbose correctMkdir /Users/kariuki/.npm correctMkdir not in flight; initializing
30 silly addNameTag next cb for sequelize-cli with tag latest
31 silly addNamed sequelize-cli@2.4.0
32 verbose addNamed "2.4.0" is a plain semver version for sequelize-cli
33 silly cache afterAdd sequelize-cli@2.4.0
34 verbose afterAdd /Users/kariuki/.npm/sequelize-cli/2.4.0/package/package.json not in flight; writing
35 verbose correctMkdir /Users/kariuki/.npm correctMkdir not in flight; initializing
36 verbose afterAdd /Users/kariuki/.npm/sequelize-cli/2.4.0/package/package.json written
37 silly install resolved [ { name: 'sequelize-cli',
37 silly install resolved     version: '2.4.0',
37 silly install resolved     description: 'The sequelize CLI.',
37 silly install resolved     main: 'index.js',
37 silly install resolved     dependencies:
37 silly install resolved      { bluebird: '^3.3.4',
37 silly install resolved        'cli-color': '~0.3.2',
37 silly install resolved        'findup-sync': '^0.4.0',
37 silly install resolved        'fs-extra': '^0.28.0',
37 silly install resolved        gulp: '^3.9.1',
37 silly install resolved        'gulp-help': '~1.6.1',
37 silly install resolved        'js-beautify': '^1.5.4',
37 silly install resolved        lodash: '^4.10.0',
37 silly install resolved        moment: '^2.12.0',
37 silly install resolved        resolve: '^1.0.0',
37 silly install resolved        umzug: '^1.9.1',
37 silly install resolved        yargs: '^4.2.0' },
37 silly install resolved     devDependencies:
37 silly install resolved      { 'coffee-script': '^1.9.0',
37 silly install resolved        'expect.js': '~0.3.1',
37 silly install resolved        'gulp-jscs': '^1.5.1',
37 silly install resolved        'gulp-jshint': '^1.10.0',
37 silly install resolved        'gulp-jshint-instafail': '^1.0.0',
37 silly install resolved        'gulp-mocha': '^2.0.0',
37 silly install resolved        js2coffee: '^2.0.0',
37 silly install resolved        'jshint-stylish': '^1.0.0',
37 silly install resolved        mocha: '^2.4.2',
37 silly install resolved        mysql: '^2.5.4',
37 silly install resolved        nodeify: '^1.0.0',
37 silly install resolved        pg: '^4.2.0',
37 silly install resolved        'pg-hstore': '^2.3.1',
37 silly install resolved        'run-sequence': '^1.0.2',
37 silly install resolved        sequelize: '^3.19.2',
37 silly install resolved        sqlite3: '^3.0.4',
37 silly install resolved        through2: '^2.0.1' },
37 silly install resolved     scripts: { test: 'gulp' },
37 silly install resolved     repository: { type: 'git', url: 'git://github.com/sequelize/cli.git' },
37 silly install resolved     keywords: [ 'sequelize', 'cli' ],
37 silly install resolved     author: { name: 'Sascha Depold' },
37 silly install resolved     license: 'MIT',
37 silly install resolved     bugs: { url: 'https://github.com/sequelize/cli/issues' },
37 silly install resolved     homepage: 'https://github.com/sequelize/cli',
37 silly install resolved     bin: { sequelize: 'bin/sequelize' },
37 silly install resolved     gitHead: '58856cb1b1c2fef8ad9e45f852f4d036f49dd4b8',
37 silly install resolved     _id: 'sequelize-cli@2.4.0',
37 silly install resolved     _shasum: 'b82e02708c7cdf628e9e6de4176f1adcd6ecdd8b',
37 silly install resolved     _from: 'sequelize-cli@latest',
37 silly install resolved     _npmVersion: '2.14.12',
37 silly install resolved     _nodeVersion: '4.3.1',
37 silly install resolved     _npmUser: { name: 'sdepold', email: 'sascha@depold.com' },
37 silly install resolved     dist:
37 silly install resolved      { shasum: 'b82e02708c7cdf628e9e6de4176f1adcd6ecdd8b',
37 silly install resolved        tarball: 'https://registry.npmjs.org/sequelize-cli/-/sequelize-cli-2.4.0.tgz' },
37 silly install resolved     maintainers: [ [Object], [Object] ],
37 silly install resolved     _npmOperationalInternal:
37 silly install resolved      { host: 'packages-16-east.internal.npmjs.com',
37 silly install resolved        tmp: 'tmp/sequelize-cli-2.4.0.tgz_1461558741388_0.4918973802123219' },
37 silly install resolved     directories: {},
37 silly install resolved     _resolved: 'https://registry.npmjs.org/sequelize-cli/-/sequelize-cli-2.4.0.tgz',
37 silly install resolved     readme: 'ERROR: No README data found!' } ]
38 info install sequelize-cli@2.4.0 into /usr/local/lib
39 info installOne sequelize-cli@2.4.0
40 verbose installOne of sequelize-cli to /usr/local/lib not in flight; installing
41 verbose correctMkdir /Users/kariuki/.npm/_locks correctMkdir not in flight; initializing
42 verbose lock using /Users/kariuki/.npm/_locks/sequelize-cli-cb6daac46981d0a8.lock for /usr/local/lib/node_modules/sequelize-cli
43 silly install write writing sequelize-cli 2.4.0 to /usr/local/lib/node_modules/sequelize-cli
44 verbose unbuild lib/node_modules/sequelize-cli
45 info preuninstall sequelize-cli@2.4.0
46 info uninstall sequelize-cli@2.4.0
47 verbose unbuild rmStuff sequelize-cli@2.4.0 from /usr/local/lib/node_modules
48 silly gentlyRm /usr/local/bin/sequelize is being gently removed
49 silly gentlyRm verifying /usr/local is an npm working directory
50 silly gentlyRm containing path /usr/local is under npm's control, in /usr/local
51 silly gentlyRm deletion target /usr/local/bin/sequelize is under /usr/local
52 verbose gentlyRm vacuuming from /usr/local/bin/sequelize up to /usr/local
53 silly vacuum-fs removing /usr/local/bin/sequelize
54 silly vacuum-fs quitting because other entries in /usr/local/bin
55 info postuninstall sequelize-cli@2.4.0
56 silly gentlyRm /usr/local/lib/node_modules/sequelize-cli is being purged from base /usr/local
57 verbose gentlyRm don't care about contents; nuking /usr/local/lib/node_modules/sequelize-cli
58 silly vacuum-fs purging /usr/local/lib/node_modules/sequelize-cli
59 verbose unlock done using /Users/kariuki/.npm/_locks/sequelize-cli-cb6daac46981d0a8.lock for /usr/local/lib/node_modules/sequelize-cli
60 verbose stack Error: EACCES: permission denied, rmdir '/usr/local/lib/node_modules/sequelize-cli'
60 verbose stack     at Error (native)
61 verbose cwd /Users/kariuki/projects/js/bookmark/server
62 error Darwin 15.6.0
63 error argv "/usr/local/bin/node" "/usr/local/bin/npm" "install" "--global" "sequelize-cli"
64 error node v6.2.2
65 error npm  v2.15.8
66 error path /usr/local/lib/node_modules/sequelize-cli
67 error code EACCES
68 error errno -13
69 error syscall rmdir
70 error Error: EACCES: permission denied, rmdir '/usr/local/lib/node_modules/sequelize-cli'
70 error     at Error (native)
70 error  { Error: EACCES: permission denied, rmdir '/usr/local/lib/node_modules/sequelize-cli'
70 error     at Error (native)
70 error   errno: -13,
70 error   code: 'EACCES',
70 error   syscall: 'rmdir',
70 error   path: '/usr/local/lib/node_modules/sequelize-cli' }
71 error Please try running this command again as root/Administrator.
72 verbose exit [ -13, true ]
73 verbose unbuild lib/node_modules/sequelize-cli
74 info preuninstall sequelize-cli@2.4.0
75 info uninstall sequelize-cli@2.4.0
76 verbose unbuild rmStuff sequelize-cli@2.4.0 from /usr/local/lib/node_modules
77 silly gentlyRm /usr/local/bin/sequelize is being gently removed
78 silly gentlyRm verifying /usr/local is an npm working directory
79 silly gentlyRm containing path /usr/local is under npm's control, in /usr/local
80 silly gentlyRm deletion target /usr/local/bin/sequelize is under /usr/local
81 verbose gentlyRm vacuuming from /usr/local/bin/sequelize up to /usr/local
82 info postuninstall sequelize-cli@2.4.0
83 silly gentlyRm /usr/local/lib/node_modules/sequelize-cli is being purged from base /usr/local
84 verbose gentlyRm don't care about contents; nuking /usr/local/lib/node_modules/sequelize-cli
85 silly vacuum-fs purging /usr/local/lib/node_modules/sequelize-cli
86 error error rolling back Error: EACCES: permission denied, rmdir '/usr/local/lib/node_modules/sequelize-cli'
86 error error rolling back     at Error (native)
86 error error rolling back  { Error: EACCES: permission denied, rmdir '/usr/local/lib/node_modules/sequelize-cli'
86 error error rolling back     at Error (native)
86 error error rolling back   errno: -13,
86 error error rolling back   code: 'EACCES',
86 error error rolling back   syscall: 'rmdir',
86 error error rolling back   path: '/usr/local/lib/node_modules/sequelize-cli' }
